[14:19:36] [main/INFO]: ModLauncher running: args [--username, ALHICH, --version, BuildMine 1.18.2, --gameDir, C:\Users\mykhailo\AppData\Roaming\.minecraft\versions\BuildMine 1.18.2, --assetsDir, C:\Users\mykhailo\AppData\Roaming\.minecraft\assets, --assetIndex, 1.18, --uuid, 0c315b6609514f4dbe6e5ec6afb1b95a, --accessToken, ????????, --clientId, ${clientid}, --xuid, ${auth_xuid}, --userType, mojang, --versionType, release, --width, 925, --height, 530, --launchTarget, forgeclient, --fml.forgeVersion, 40.1.84, --fml.mcVersion, 1.18.2, --fml.forgeGroup, net.minecraftforge, --fml.mcpVersion, 20220404.173914]
[14:19:36] [main/INFO]: ModLauncher 9.1.3+9.1.3+main.9b69c82a starting: java version 17.0.1 by Microsoft
[14:19:36] [main/INFO]: SpongePowered MIXIN Subsystem Version=0.8.5 Source=union:/C:/Users/mykhailo/AppData/Roaming/.minecraft/libraries/org/spongepowered/mixin/0.8.5/mixin-0.8.5.jar%2314!/ Service=ModLauncher Env=CLIENT
[14:19:37] [main/INFO]: Found mod file journeymap-1.18.2-5.9.0beta3-forge.jar of type MOD with provider {mods folder locator at C:\Users\mykhailo\AppData\Roaming\.minecraft\versions\BuildMine 1.18.2\mods}
[14:19:37] [main/INFO]: Found mod file Rubidium-mc1.18.2-0.5.4.jar of type MOD with provider {mods folder locator at C:\Users\mykhailo\AppData\Roaming\.minecraft\versions\BuildMine 1.18.2\mods}
[14:19:37] [main/INFO]: Found mod file WorldEdit-7.2.10-Forge-Fabric-for-MC-1.18.2.jar of type MOD with provider {mods folder locator at C:\Users\mykhailo\AppData\Roaming\.minecraft\versions\BuildMine 1.18.2\mods}
[14:19:37] [main/WARN]: Mod file C:\Users\mykhailo\AppData\Roaming\.minecraft\libraries\net\minecraftforge\fmlcore\1.18.2-40.1.84\fmlcore-1.18.2-40.1.84.jar is missing mods.toml file
[14:19:37] [main/WARN]: Mod file C:\Users\mykhailo\AppData\Roaming\.minecraft\libraries\net\minecraftforge\javafmllanguage\1.18.2-40.1.84\javafmllanguage-1.18.2-40.1.84.jar is missing mods.toml file
[14:19:37] [main/WARN]: Mod file C:\Users\mykhailo\AppData\Roaming\.minecraft\libraries\net\minecraftforge\lowcodelanguage\1.18.2-40.1.84\lowcodelanguage-1.18.2-40.1.84.jar is missing mods.toml file
[14:19:37] [main/WARN]: Mod file C:\Users\mykhailo\AppData\Roaming\.minecraft\libraries\net\minecraftforge\mclanguage\1.18.2-40.1.84\mclanguage-1.18.2-40.1.84.jar is missing mods.toml file
[14:19:37] [main/INFO]: Found mod file fmlcore-1.18.2-40.1.84.jar of type LIBRARY with provider net.minecraftforge.fml.loading.moddiscovery.MinecraftLocator@4c5204af
[14:19:37] [main/INFO]: Found mod file javafmllanguage-1.18.2-40.1.84.jar of type LANGPROVIDER with provider net.minecraftforge.fml.loading.moddiscovery.MinecraftLocator@4c5204af
[14:19:37] [main/INFO]: Found mod file lowcodelanguage-1.18.2-40.1.84.jar of type LANGPROVIDER with provider net.minecraftforge.fml.loading.moddiscovery.MinecraftLocator@4c5204af
[14:19:37] [main/INFO]: Found mod file mclanguage-1.18.2-40.1.84.jar of type LANGPROVIDER with provider net.minecraftforge.fml.loading.moddiscovery.MinecraftLocator@4c5204af
[14:19:37] [main/INFO]: Found mod file client-1.18.2-20220404.173914-srg.jar of type MOD with provider net.minecraftforge.fml.loading.moddiscovery.MinecraftLocator@4c5204af
[14:19:37] [main/INFO]: Found mod file forge-1.18.2-40.1.84-universal.jar of type MOD with provider net.minecraftforge.fml.loading.moddiscovery.MinecraftLocator@4c5204af
[14:19:37] [main/INFO]: No dependencies to load found. Skipping!
[14:19:39] [main/INFO]: Compatibility level set to JAVA_17
[14:19:39] [main/INFO]: Launching target 'forgeclient' with arguments [--version, BuildMine 1.18.2, --gameDir, C:\Users\mykhailo\AppData\Roaming\.minecraft\versions\BuildMine 1.18.2, --assetsDir, C:\Users\mykhailo\AppData\Roaming\.minecraft\assets, --uuid, 0c315b6609514f4dbe6e5ec6afb1b95a, --username, ALHICH, --assetIndex, 1.18, --accessToken, ????????, --clientId, ${clientid}, --xuid, ${auth_xuid}, --userType, mojang, --versionType, release, --width, 925, --height, 530]
[14:19:39] [main/INFO]: Trying to switch memory allocators to work around memory leaks present with Jemalloc 5.0.0 through 5.2.0 on Windows
[14:19:39] [main/INFO]: Loaded configuration file for Rubidium: 29 options available, 0 override(s) found
